<?xml version="1.0" encoding="UTF-8"?>
<testsuite xmlns:xsi="http://www.w3.org/2001/XMLSchema-instance" xsi:noNamespaceSchemaLocation="https://maven.apache.org/surefire/maven-surefire-plugin/xsd/surefire-test-report.xsd" name="com.aequilibrium.Transformers.TransformersApplicationTests" time="6.065" tests="23" errors="0" skipped="0" failures="0">
  <properties>
[...]
</properties>
  <testcase name="successfullyCreateTransformer" classname="com.aequilibrium.Transformers.TransformersApplicationTests" time="0.608"/>
  <testcase name="updateTransformerInvalidAllegiance" classname="com.aequilibrium.Transformers.TransformersApplicationTests" time="0.002"/>
  <testcase name="autobotWinBattle" classname="com.aequilibrium.Transformers.TransformersApplicationTests" time="0.122"/>
  <testcase name="successfullyCreateTransformerLowercaseAllegiance" classname="com.aequilibrium.Transformers.TransformersApplicationTests" time="0.023"/>
  <testcase name="createTransformerLowStats" classname="com.aequilibrium.Transformers.TransformersApplicationTests" time="0.002"/>
  <testcase name="createTransformerInvalidAllegiance" classname="com.aequilibrium.Transformers.TransformersApplicationTests" time="0.002"/>
  <testcase name="tooMuchPowerBattle" classname="com.aequilibrium.Transformers.TransformersApplicationTests" time="0.11"/>
  <testcase name="createTransformerNoName" classname="com.aequilibrium.Transformers.TransformersApplicationTests" time="0.002"/>
  <testcase name="deleteTransformerNoID" classname="com.aequilibrium.Transformers.TransformersApplicationTests" time="0.003"/>
  <testcase name="updateTransformerEmptyName" classname="com.aequilibrium.Transformers.TransformersApplicationTests" time="0.005"/>
  <testcase name="tieBattle" classname="com.aequilibrium.Transformers.TransformersApplicationTests" time="0.099"/>
  <testcase name="successfullyUpdateTransformer" classname="com.aequilibrium.Transformers.TransformersApplicationTests" time="0.029"/>
  <testcase name="updateTransfomerNoId" classname="com.aequilibrium.Transformers.TransformersApplicationTests" time="0.002"/>
  <testcase name="createTransformerHighStats" classname="com.aequilibrium.Transformers.TransformersApplicationTests" time="0.002"/>
  <testcase name="listTransformers" classname="com.aequilibrium.Transformers.TransformersApplicationTests" time="0.052"/>
  <testcase name="deleteTransformerInvalidId" classname="com.aequilibrium.Transformers.TransformersApplicationTests" time="0.008"/>
  <testcase name="decepticonWinBattle" classname="com.aequilibrium.Transformers.TransformersApplicationTests" time="0.101"/>
  <testcase name="contextLoads" classname="com.aequilibrium.Transformers.TransformersApplicationTests" time="0.002"/>
  <testcase name="noTransformersBattle" classname="com.aequilibrium.Transformers.TransformersApplicationTests" time="0.002"/>
  <testcase name="noAutobotsBattle" classname="com.aequilibrium.Transformers.TransformersApplicationTests" time="0.093"/>
  <testcase name="noDecepticonsBattle" classname="com.aequilibrium.Transformers.TransformersApplicationTests" time="0.106"/>
  <testcase name="successfullyDeleteTransformer" classname="com.aequilibrium.Transformers.TransformersApplicationTests" time="0.03"/>
  <testcase name="updateTransformerInvalidStat" classname="com.aequilibrium.Transformers.TransformersApplicationTests" time="0.001"/>
</testsuite>